<?xml version="1.0" encoding="utf-8"?><testsuites name="pytest tests"><testsuite name="pytest" errors="0" failures="0" skipped="0" tests="25" time="4.398" timestamp="2026-08-01T01:58:49.828661+00:00" hostname="agent-env-33c2b7c5-49d9-46e0-9989-add671fdac67"><testcase classname="tests.backend_test.TestAdmin" name="test_admin_bookings_forbidden_for_user" time="0.211" /><testcase classname="tests.backend_test.TestAuth" name="test_register_returns_token_user" time="0.161" /><testcase classname="tests.backend_test.TestAuth" name="test_user_login_phone_only" time="0.096" /><testcase classname="tests.backend_test.TestAuth" name="test_user_login_unregistered_returns_404" time="0.232" /><testcase classname="tests.backend_test.TestAdmin" name="test_admin_bookings_ok" time="0.607" /><testcase classname="tests.backend_test.TestAuth" name="test_admin_login_success" time="0.315" /><testcase classname="tests.backend_test.TestAuth" name="test_admin_login_wrong_password" time="0.274" /><testcase classname="tests.backend_test.TestAdmin" name="test_mark_paid_flips_receipt" time="0.311" /><testcase classname="tests.backend_test.TestAuth" name="test_me_returns_user_without_password" time="0.050" /><testcase classname="tests.backend_test.TestAdmin" name="test_analytics_shape" time="0.050" /><testcase classname="tests.backend_test.TestAuth" name="test_me_no_token" time="0.048" /><testcase classname="tests.backend_test.TestAdmin" name="test_admin_users_list" time="0.049" /><testcase classname="tests.backend_test.TestPayments" name="test_checkout_requires_auth" time="0.103" /><testcase classname="tests.backend_test.TestBookings" name="test_cash_booking_creates_receipt" time="0.103" /><testcase classname="tests.backend_test.TestBookings" name="test_cash_receipt_unpaid" time="0.052" /><testcase classname="tests.backend_test.TestPayments" name="test_checkout_creates_session" time="0.542" /><testcase classname="tests.backend_test.TestPayments" name="test_payment_status_pending" time="0.161" /><testcase classname="tests.backend_test.TestBookings" name="test_stripe_booking_no_receipt" time="0.542" /><testcase classname="tests.backend_test.TestBookings" name="test_my_bookings_only_own" time="0.159" /><testcase classname="tests.backend_test.TestReceipts" name="test_my_receipts_only_own" time="0.051" /><testcase classname="tests.backend_test.TestSuperAdmin" name="test_create_admin_forbidden_regular_user" time="0.049" /><testcase classname="tests.backend_test.TestSuperAdmin" name="test_create_admin_ok" time="0.328" /><testcase classname="tests.backend_test.TestReceipts" name="test_receipt_access_forbidden_other_user" time="0.320" /><testcase classname="tests.backend_test.TestServices" name="test_list_services_seeded" time="0.052" /><testcase classname="tests.backend_test.TestOCR" name="test_scan_receipt" time="1.640" /></testsuite></testsuites>